timus_2095.obj : error LNK2001: unresolved external symbol "void __cdecl testing::InitGoogleTest(int *,char * *)" (?InitGoogleTest@testing@@YAXPEAHPEAPEAD@Z)
timus_2095.obj : error LNK2001: unresolved external symbol "public: int __cdecl testing::UnitTest::Run(void)" (?Run@UnitTest@testing@@QEAAHXZ)
timus_2095.obj : error LNK2001: unresolved external symbol "public: static class testing::UnitTest * __cdecl testing::UnitTest::GetInstance(void)" (?GetInstance@UnitTest@testing@@SAPEAV12@XZ)
X:\Coding\C++\timus_2095\timus_2095\x64\Release\timus_2095.exe : fatal error LNK1120: 3 unresolved externals
